<?xml version="1.0" encoding="UTF-8"?>
<testsuite name="com.example.demo.resource.ExampleResourceTest" tests="1" skipped="0" failures="0" errors="0" timestamp="2022-12-05T18:41:28" hostname="ML-C02Z381LLVCG" time="0.486">
  <properties/>
  <testcase name="hello()" classname="com.example.demo.resource.ExampleResourceTest" time="0.486"/>
  <system-out><![CDATA[10:41:27.118 [Test worker] DEBUG org.springframework.boot.test.context.SpringBootTestContextBootstrapper - Neither @ContextConfiguration nor @ContextHierarchy found for test class [ExampleResourceTest]: using SpringBootContextLoader
10:41:27.124 [Test worker] DEBUG org.springframework.test.context.support.AbstractContextLoader - Could not detect default resource locations for test class [com.example.demo.resource.ExampleResourceTest]: no resource found for suffixes {-context.xml, Context.groovy}.
10:41:27.125 [Test worker] INFO org.springframework.test.context.support.AnnotationConfigContextLoaderUtils - Could not detect default configuration classes for test class [com.example.demo.resource.ExampleResourceTest]: ExampleResourceTest does not declare any static, non-private, non-final, nested classes annotated with @Configuration.
10:41:27.178 [Test worker] DEBUG org.springframework.boot.test.context.SpringBootTestContextBootstrapper - Using ContextCustomizers for test class [ExampleResourceTest]: [DisableObservabilityContextCustomizer, PropertyMappingContextCustomizer, Customizer, ImportsContextCustomizer, ExcludeFilterContextCustomizer, DuplicateJsonObjectContextCustomizer, MockitoContextCustomizer, TestRestTemplateContextCustomizer]
10:41:27.257 [Test worker] DEBUG org.springframework.context.annotation.ClassPathScanningCandidateComponentProvider - Identified candidate component class: file [/Users/lalves/Downloads/demo/build/classes/java/main/com/example/demo/DemoApplication.class]
10:41:27.258 [Test worker] INFO org.springframework.boot.test.context.SpringBootTestContextBootstrapper - Found @SpringBootConfiguration com.example.demo.DemoApplication for test class com.example.demo.resource.ExampleResourceTest
10:41:27.354 [Test worker] DEBUG org.springframework.test.context.util.TestContextSpringFactoriesUtils - Skipping candidate TestExecutionListener [org.springframework.test.context.transaction.TransactionalTestExecutionListener] due to a missing dependency. Specify custom TestExecutionListener classes or make the default TestExecutionListener classes and their required dependencies available. Offending class: [org/springframework/transaction/interceptor/TransactionAttributeSource]
10:41:27.355 [Test worker] DEBUG org.springframework.test.context.util.TestContextSpringFactoriesUtils - Skipping candidate TestExecutionListener [org.springframework.test.context.jdbc.SqlScriptsTestExecutionListener] due to a missing dependency. Specify custom TestExecutionListener classes or make the default TestExecutionListener classes and their required dependencies available. Offending class: [org/springframework/transaction/interceptor/TransactionAttribute]
10:41:27.357 [Test worker] DEBUG org.springframework.boot.test.context.SpringBootTestContextBootstrapper - Using TestExecutionListeners for test class [ExampleResourceTest]: [ServletTestExecutionListener, DirtiesContextBeforeModesTestExecutionListener, ApplicationEventsTestExecutionListener, MockitoTestExecutionListener, DependencyInjectionTestExecutionListener, DirtiesContextTestExecutionListener, EventPublishingTestExecutionListener, RestDocsTestExecutionListener, MockRestServiceServerResetTestExecutionListener, MockMvcPrintOnlyOnFailureTestExecutionListener, WebDriverTestExecutionListener, MockWebServiceServerTestExecutionListener, ResetMocksTestExecutionListener]
10:41:27.359 [Test worker] DEBUG org.springframework.test.context.support.AbstractDirtiesContextTestExecutionListener - Before test class: class [ExampleResourceTest], class annotated with @DirtiesContext [false] with mode [null]

  .   ____          _            __ _ _
 /\\ / ___'_ __ _ _(_)_ __  __ _ \ \ \ \
( ( )\___ | '_ | '_| | '_ \/ _` | \ \ \ \
 \\/  ___)| |_)| | | | | || (_| |  ) ) ) )
  '  |____| .__|_| |_|_| |_\__, | / / / /
 =========|_|==============|___/=/_/_/_/
 :: Spring Boot ::                (v3.0.0)

2022-12-05T10:41:27.627-08:00  INFO 51210 --- [    Test worker] c.e.demo.resource.ExampleResourceTest    : Starting ExampleResourceTest using Java 17.0.4.1 with PID 51210 (started by lalves in /Users/lalves/Downloads/demo)
2022-12-05T10:41:27.629-08:00  INFO 51210 --- [    Test worker] c.e.demo.resource.ExampleResourceTest    : No active profile set, falling back to 1 default profile: "default"
2022-12-05T10:41:28.631-08:00  INFO 51210 --- [    Test worker] o.s.b.t.m.w.SpringBootMockServletContext : Initializing Spring TestDispatcherServlet ''
2022-12-05T10:41:28.631-08:00  INFO 51210 --- [    Test worker] o.s.t.web.servlet.TestDispatcherServlet  : Initializing Servlet ''
2022-12-05T10:41:28.634-08:00  INFO 51210 --- [    Test worker] o.s.t.web.servlet.TestDispatcherServlet  : Completed initialization in 1 ms
2022-12-05T10:41:28.658-08:00  INFO 51210 --- [    Test worker] c.e.demo.resource.ExampleResourceTest    : Started ExampleResourceTest in 1.247 seconds (process running for 2.436)
]]></system-out>
  <system-err><![CDATA[]]></system-err>
</testsuite>
